<?xml version="1.0" encoding="UTF-8"?>
<!-- Generated by org.testng.reporters.JUnitXMLReporter -->
<testsuite ignored="0" hostname="MAA15-OPC6NE73W" failures="0" tests="4" name="Default test" time="34.725" errors="0" timestamp="2026-08-18T15:54:41 IST">
  <testcase classname="allSection.AllSectionHeaderTest" name="checkDimensionOfAllSection" time="0.842"/>
  <testcase classname="allSection.AllSectionHeaderTest" name="seeAllSeeLessSwitchTest" time="1.68"/>
  <testcase classname="allSection.AllSectionHeaderTest" name="verifyAllSectionHeaders" time="0.935"/>
  <testcase classname="allSection.AllSectionHeaderTest" name="verifyNavButtonOfDigital" time="1.023"/>
</testsuite> <!-- Default test -->
