<?xml version="1.0" encoding="UTF-8"?>
<!-- Generated by org.testng.reporters.JUnitXMLReporter -->
<testsuite ignored="0" hostname="MAA15-OPC6NE73W" failures="1" tests="4" name="Allsection Test" time="21.041" errors="0" timestamp="2026-08-18T18:43:26 IST">
  <testcase classname="allSection.AllSectionHeaderTest" name="checkDimensionOfAllSection" time="0.898">
    <failure type="java.lang.AssertionError" message="expected [650] but found [621]">
      <![CDATA[java.lang.AssertionError: expected [650] but found [621]
at allSection.AllSectionHeaderTest.checkDimensionOfAllSection(AllSectionHeaderTest.java:143)
at java.base/java.util.ArrayList.forEach(ArrayList.java:1596)
... Removed 32 stack frames]]>
    </failure>
  </testcase> <!-- checkDimensionOfAllSection -->
  <testcase classname="allSection.AllSectionHeaderTest" name="seeAllSeeLessSwitchTest" time="1.063"/>
  <testcase classname="allSection.AllSectionHeaderTest" name="verifyAllSectionHeaders" time="1.017"/>
  <testcase classname="allSection.AllSectionHeaderTest" name="verifyNavButtonOfDigital" time="3.007"/>
</testsuite> <!-- Allsection Test -->
