<?xml version="1.0" encoding="UTF-8"?>
<testng-results retried="2" ignored="0" total="7" passed="4" failed="1" skipped="0">
  <reporter-output>
  </reporter-output>
  <suite started-at="2026-08-18T19:58:11 IST" name="Sample" finished-at="2026-08-18T19:58:54 IST" duration-ms="43691">
    <groups>
    </groups>
    <test started-at="2026-08-18T19:58:11 IST" name="Allsection Test" finished-at="2026-08-18T19:58:47 IST" duration-ms="36397">
      <class name="allSection.AllSectionHeaderTest">
        <test-method is-config="true" signature="launchApplication()[pri:0, instance:allSection.AllSectionHeaderTest@51e69659]" started-at="2026-08-18T19:58:11 IST" name="launchApplication" finished-at="2026-08-18T19:58:13 IST" duration-ms="2230" status="PASS">
          <reporter-output>
          </reporter-output>
        </test-method> <!-- launchApplication -->
        <test-method retried="true" signature="checkDimensionOfAllSection()[pri:0, instance:allSection.AllSectionHeaderTest@51e69659]" started-at="2026-08-18T19:58:13 IST" name="checkDimensionOfAllSection" finished-at="2026-08-18T19:58:16 IST" duration-ms="2937" status="SKIP">
          <exception class="java.lang.AssertionError">
            <message>
              <![CDATA[expected [900] but found [609]]]>
            </message>
            <full-stacktrace>
              <![CDATA[java.lang.AssertionError: expected [900] but found [609]
at org.testng.Assert.fail(Assert.java:111)
at org.testng.Assert.failNotEquals(Assert.java:1590)
at org.testng.Assert.assertEqualsImpl(Assert.java:150)
at org.testng.Assert.assertEquals(Assert.java:132)
at org.testng.Assert.assertEquals(Assert.java:1431)
at org.testng.Assert.assertEquals(Assert.java:1395)
at org.testng.Assert.assertEquals(Assert.java:1441)
at allSection.AllSectionHeaderTest.checkDimensionOfAllSection(AllSectionHeaderTest.java:143)
at java.base/jdk.internal.reflect.DirectMethodHandleAccessor.invoke(DirectMethodHandleAccessor.java:104)
at java.base/java.lang.reflect.Method.invoke(Method.java:565)
at org.testng.internal.invokers.MethodInvocationHelper.invokeMethod(MethodInvocationHelper.java:141)
at org.testng.internal.invokers.TestInvoker.invokeMethod(TestInvoker.java:697)
at org.testng.internal.invokers.TestInvoker.invokeTestMethod(TestInvoker.java:230)
at org.testng.internal.invokers.MethodRunner.runInSequence(MethodRunner.java:63)
at org.testng.internal.invokers.TestInvoker$MethodInvocationAgent.invoke(TestInvoker.java:1005)
at org.testng.internal.invokers.TestInvoker.invokeTestMethods(TestInvoker.java:203)
at org.testng.internal.invokers.TestMethodWorker.invokeTestMethods(TestMethodWorker.java:154)
at org.testng.internal.invokers.TestMethodWorker.run(TestMethodWorker.java:134)
at java.base/java.util.ArrayList.forEach(ArrayList.java:1604)
at org.testng.TestRunner.privateRun(TestRunner.java:744)
at org.testng.TestRunner.run(TestRunner.java:616)
at org.testng.SuiteRunner.runTest(SuiteRunner.java:421)
at org.testng.SuiteRunner.runSequentially(SuiteRunner.java:413)
at org.testng.SuiteRunner.privateRun(SuiteRunner.java:373)
at org.testng.SuiteRunner.run(SuiteRunner.java:312)
at org.testng.SuiteRunnerWorker.runSuite(SuiteRunnerWorker.java:52)
at org.testng.SuiteRunnerWorker.run(SuiteRunnerWorker.java:95)
at org.testng.TestNG.runSuitesSequentially(TestNG.java:1274)
at org.testng.TestNG.runSuitesLocally(TestNG.java:1208)
at org.testng.TestNG.runSuites(TestNG.java:1112)
at org.testng.TestNG.run(TestNG.java:1079)
at org.apache.maven.surefire.testng.TestNGExecutor.run(TestNGExecutor.java:308)
at org.apache.maven.surefire.testng.TestNGXmlTestSuite.execute(TestNGXmlTestSuite.java:71)
at org.apache.maven.surefire.testng.TestNGProvider.invoke(TestNGProvider.java:113)
at org.apache.maven.surefire.booter.ForkedBooter.runSuitesInProcess(ForkedBooter.java:385)
at org.apache.maven.surefire.booter.ForkedBooter.execute(ForkedBooter.java:162)
at org.apache.maven.surefire.booter.ForkedBooter.run(ForkedBooter.java:507)
at org.apache.maven.surefire.booter.ForkedBooter.main(ForkedBooter.java:495)
]]>
            </full-stacktrace>
          </exception> <!-- java.lang.AssertionError -->
          <reporter-output>
          </reporter-output>
        </test-method> <!-- checkDimensionOfAllSection -->
        <test-method is-config="true" signature="closeBrowser()[pri:0, instance:allSection.AllSectionHeaderTest@51e69659]" started-at="2026-08-18T19:58:16 IST" name="closeBrowser" finished-at="2026-08-18T19:58:16 IST" duration-ms="339" status="PASS">
          <reporter-output>
          </reporter-output>
        </test-method> <!-- closeBrowser -->
        <test-method is-config="true" signature="launchApplication()[pri:0, instance:allSection.AllSectionHeaderTest@51e69659]" started-at="2026-08-18T19:58:16 IST" name="launchApplication" finished-at="2026-08-18T19:58:18 IST" duration-ms="1719" status="PASS">
          <reporter-output>
          </reporter-output>
        </test-method> <!-- launchApplication -->
        <test-method retried="true" signature="checkDimensionOfAllSection()[pri:0, instance:allSection.AllSectionHeaderTest@51e69659]" started-at="2026-08-18T19:58:18 IST" name="checkDimensionOfAllSection" finished-at="2026-08-18T19:58:21 IST" duration-ms="2936" status="SKIP">
          <exception class="java.lang.AssertionError">
            <message>
              <![CDATA[expected [900] but found [609]]]>
            </message>
            <full-stacktrace>
              <![CDATA[java.lang.AssertionError: expected [900] but found [609]
at org.testng.Assert.fail(Assert.java:111)
at org.testng.Assert.failNotEquals(Assert.java:1590)
at org.testng.Assert.assertEqualsImpl(Assert.java:150)
at org.testng.Assert.assertEquals(Assert.java:132)
at org.testng.Assert.assertEquals(Assert.java:1431)
at org.testng.Assert.assertEquals(Assert.java:1395)
at org.testng.Assert.assertEquals(Assert.java:1441)
at allSection.AllSectionHeaderTest.checkDimensionOfAllSection(AllSectionHeaderTest.java:143)
at java.base/jdk.internal.reflect.DirectMethodHandleAccessor.invoke(DirectMethodHandleAccessor.java:104)
at java.base/java.lang.reflect.Method.invoke(Method.java:565)
at org.testng.internal.invokers.MethodInvocationHelper.invokeMethod(MethodInvocationHelper.java:141)
at org.testng.internal.invokers.TestInvoker.invokeMethod(TestInvoker.java:697)
at org.testng.internal.invokers.TestInvoker.retryFailed(TestInvoker.java:280)
at org.testng.internal.invokers.MethodRunner.runInSequence(MethodRunner.java:76)
at org.testng.internal.invokers.TestInvoker$MethodInvocationAgent.invoke(TestInvoker.java:1005)
at org.testng.internal.invokers.TestInvoker.invokeTestMethods(TestInvoker.java:203)
at org.testng.internal.invokers.TestMethodWorker.invokeTestMethods(TestMethodWorker.java:154)
at org.testng.internal.invokers.TestMethodWorker.run(TestMethodWorker.java:134)
at java.base/java.util.ArrayList.forEach(ArrayList.java:1604)
at org.testng.TestRunner.privateRun(TestRunner.java:744)
at org.testng.TestRunner.run(TestRunner.java:616)
at org.testng.SuiteRunner.runTest(SuiteRunner.java:421)
at org.testng.SuiteRunner.runSequentially(SuiteRunner.java:413)
at org.testng.SuiteRunner.privateRun(SuiteRunner.java:373)
at org.testng.SuiteRunner.run(SuiteRunner.java:312)
at org.testng.SuiteRunnerWorker.runSuite(SuiteRunnerWorker.java:52)
at org.testng.SuiteRunnerWorker.run(SuiteRunnerWorker.java:95)
at org.testng.TestNG.runSuitesSequentially(TestNG.java:1274)
at org.testng.TestNG.runSuitesLocally(TestNG.java:1208)
at org.testng.TestNG.runSuites(TestNG.java:1112)
at org.testng.TestNG.run(TestNG.java:1079)
at org.apache.maven.surefire.testng.TestNGExecutor.run(TestNGExecutor.java:308)
at org.apache.maven.surefire.testng.TestNGXmlTestSuite.execute(TestNGXmlTestSuite.java:71)
at org.apache.maven.surefire.testng.TestNGProvider.invoke(TestNGProvider.java:113)
at org.apache.maven.surefire.booter.ForkedBooter.runSuitesInProcess(ForkedBooter.java:385)
at org.apache.maven.surefire.booter.ForkedBooter.execute(ForkedBooter.java:162)
at org.apache.maven.surefire.booter.ForkedBooter.run(ForkedBooter.java:507)
at org.apache.maven.surefire.booter.ForkedBooter.main(ForkedBooter.java:495)
]]>
            </full-stacktrace>
          </exception> <!-- java.lang.AssertionError -->
          <reporter-output>
          </reporter-output>
        </test-method> <!-- checkDimensionOfAllSection -->
        <test-method is-config="true" signature="closeBrowser()[pri:0, instance:allSection.AllSectionHeaderTest@51e69659]" started-at="2026-08-18T19:58:21 IST" name="closeBrowser" finished-at="2026-08-18T19:58:21 IST" duration-ms="532" status="PASS">
          <reporter-output>
          </reporter-output>
        </test-method> <!-- closeBrowser -->
        <test-method is-config="true" signature="launchApplication()[pri:0, instance:allSection.AllSectionHeaderTest@51e69659]" started-at="2026-08-18T19:58:21 IST" name="launchApplication" finished-at="2026-08-18T19:58:24 IST" duration-ms="2606" status="PASS">
          <reporter-output>
          </reporter-output>
        </test-method> <!-- launchApplication -->
        <test-method signature="checkDimensionOfAllSection()[pri:0, instance:allSection.AllSectionHeaderTest@51e69659]" started-at="2026-08-18T19:58:24 IST" name="checkDimensionOfAllSection" finished-at="2026-08-18T19:58:27 IST" duration-ms="2946" status="FAIL">
          <exception class="java.lang.AssertionError">
            <message>
              <![CDATA[expected [900] but found [609]]]>
            </message>
            <full-stacktrace>
              <![CDATA[java.lang.AssertionError: expected [900] but found [609]
at org.testng.Assert.fail(Assert.java:111)
at org.testng.Assert.failNotEquals(Assert.java:1590)
at org.testng.Assert.assertEqualsImpl(Assert.java:150)
at org.testng.Assert.assertEquals(Assert.java:132)
at org.testng.Assert.assertEquals(Assert.java:1431)
at org.testng.Assert.assertEquals(Assert.java:1395)
at org.testng.Assert.assertEquals(Assert.java:1441)
at allSection.AllSectionHeaderTest.checkDimensionOfAllSection(AllSectionHeaderTest.java:143)
at java.base/jdk.internal.reflect.DirectMethodHandleAccessor.invoke(DirectMethodHandleAccessor.java:104)
at java.base/java.lang.reflect.Method.invoke(Method.java:565)
at org.testng.internal.invokers.MethodInvocationHelper.invokeMethod(MethodInvocationHelper.java:141)
at org.testng.internal.invokers.TestInvoker.invokeMethod(TestInvoker.java:697)
at org.testng.internal.invokers.TestInvoker.retryFailed(TestInvoker.java:280)
at org.testng.internal.invokers.MethodRunner.runInSequence(MethodRunner.java:76)
at org.testng.internal.invokers.TestInvoker$MethodInvocationAgent.invoke(TestInvoker.java:1005)
at org.testng.internal.invokers.TestInvoker.invokeTestMethods(TestInvoker.java:203)
at org.testng.internal.invokers.TestMethodWorker.invokeTestMethods(TestMethodWorker.java:154)
at org.testng.internal.invokers.TestMethodWorker.run(TestMethodWorker.java:134)
at java.base/java.util.ArrayList.forEach(ArrayList.java:1604)
at org.testng.TestRunner.privateRun(TestRunner.java:744)
at org.testng.TestRunner.run(TestRunner.java:616)
at org.testng.SuiteRunner.runTest(SuiteRunner.java:421)
at org.testng.SuiteRunner.runSequentially(SuiteRunner.java:413)
at org.testng.SuiteRunner.privateRun(SuiteRunner.java:373)
at org.testng.SuiteRunner.run(SuiteRunner.java:312)
at org.testng.SuiteRunnerWorker.runSuite(SuiteRunnerWorker.java:52)
at org.testng.SuiteRunnerWorker.run(SuiteRunnerWorker.java:95)
at org.testng.TestNG.runSuitesSequentially(TestNG.java:1274)
at org.testng.TestNG.runSuitesLocally(TestNG.java:1208)
at org.testng.TestNG.runSuites(TestNG.java:1112)
at org.testng.TestNG.run(TestNG.java:1079)
at org.apache.maven.surefire.testng.TestNGExecutor.run(TestNGExecutor.java:308)
at org.apache.maven.surefire.testng.TestNGXmlTestSuite.execute(TestNGXmlTestSuite.java:71)
at org.apache.maven.surefire.testng.TestNGProvider.invoke(TestNGProvider.java:113)
at org.apache.maven.surefire.booter.ForkedBooter.runSuitesInProcess(ForkedBooter.java:385)
at org.apache.maven.surefire.booter.ForkedBooter.execute(ForkedBooter.java:162)
at org.apache.maven.surefire.booter.ForkedBooter.run(ForkedBooter.java:507)
at org.apache.maven.surefire.booter.ForkedBooter.main(ForkedBooter.java:495)
]]>
            </full-stacktrace>
          </exception> <!-- java.lang.AssertionError -->
          <reporter-output>
          </reporter-output>
        </test-method> <!-- checkDimensionOfAllSection -->
        <test-method is-config="true" signature="closeBrowser()[pri:0, instance:allSection.AllSectionHeaderTest@51e69659]" started-at="2026-08-18T19:58:28 IST" name="closeBrowser" finished-at="2026-08-18T19:58:28 IST" duration-ms="599" status="PASS">
          <reporter-output>
          </reporter-output>
        </test-method> <!-- closeBrowser -->
        <test-method is-config="true" signature="launchApplication()[pri:0, instance:allSection.AllSectionHeaderTest@51e69659]" started-at="2026-08-18T19:58:28 IST" name="launchApplication" finished-at="2026-08-18T19:58:31 IST" duration-ms="2713" status="PASS">
          <reporter-output>
          </reporter-output>
        </test-method> <!-- launchApplication -->
        <test-method signature="seeAllSeeLessSwitchTest()[pri:0, instance:allSection.AllSectionHeaderTest@51e69659]" started-at="2026-08-18T19:58:31 IST" name="seeAllSeeLessSwitchTest" finished-at="2026-08-18T19:58:35 IST" duration-ms="3669" status="PASS">
          <reporter-output>
          </reporter-output>
        </test-method> <!-- seeAllSeeLessSwitchTest -->
        <test-method is-config="true" signature="closeBrowser()[pri:0, instance:allSection.AllSectionHeaderTest@51e69659]" started-at="2026-08-18T19:58:35 IST" name="closeBrowser" finished-at="2026-08-18T19:58:35 IST" duration-ms="468" status="PASS">
          <reporter-output>
          </reporter-output>
        </test-method> <!-- closeBrowser -->
        <test-method is-config="true" signature="launchApplication()[pri:0, instance:allSection.AllSectionHeaderTest@51e69659]" started-at="2026-08-18T19:58:35 IST" name="launchApplication" finished-at="2026-08-18T19:58:37 IST" duration-ms="2064" status="PASS">
          <reporter-output>
          </reporter-output>
        </test-method> <!-- launchApplication -->
        <test-method signature="verifyAllSectionHeaders()[pri:0, instance:allSection.AllSectionHeaderTest@51e69659]" started-at="2026-08-18T19:58:37 IST" name="verifyAllSectionHeaders" finished-at="2026-08-18T19:58:41 IST" duration-ms="3592" status="PASS">
          <reporter-output>
          </reporter-output>
        </test-method> <!-- verifyAllSectionHeaders -->
        <test-method is-config="true" signature="closeBrowser()[pri:0, instance:allSection.AllSectionHeaderTest@51e69659]" started-at="2026-08-18T19:58:41 IST" name="closeBrowser" finished-at="2026-08-18T19:58:41 IST" duration-ms="639" status="PASS">
          <reporter-output>
          </reporter-output>
        </test-method> <!-- closeBrowser -->
        <test-method is-config="true" signature="launchApplication()[pri:0, instance:allSection.AllSectionHeaderTest@51e69659]" started-at="2026-08-18T19:58:41 IST" name="launchApplication" finished-at="2026-08-18T19:58:44 IST" duration-ms="2410" status="PASS">
          <reporter-output>
          </reporter-output>
        </test-method> <!-- launchApplication -->
        <test-method signature="verifyNavButtonOfDigital()[pri:0, instance:allSection.AllSectionHeaderTest@51e69659]" started-at="2026-08-18T19:58:44 IST" name="verifyNavButtonOfDigital" finished-at="2026-08-18T19:58:47 IST" duration-ms="2784" status="PASS">
          <reporter-output>
          </reporter-output>
        </test-method> <!-- verifyNavButtonOfDigital -->
        <test-method is-config="true" signature="closeBrowser()[pri:0, instance:allSection.AllSectionHeaderTest@51e69659]" started-at="2026-08-18T19:58:47 IST" name="closeBrowser" finished-at="2026-08-18T19:58:47 IST" duration-ms="536" status="PASS">
          <reporter-output>
          </reporter-output>
        </test-method> <!-- closeBrowser -->
      </class> <!-- allSection.AllSectionHeaderTest -->
    </test> <!-- Allsection Test -->
    <test started-at="2026-08-18T19:58:48 IST" name="Today&#039;s Deal Test" finished-at="2026-08-18T19:58:54 IST" duration-ms="6919">
      <class name="allSection.TodaysDeals">
        <test-method is-config="true" signature="launchApplication()[pri:0, instance:allSection.TodaysDeals@6e9175d8]" started-at="2026-08-18T19:58:48 IST" name="launchApplication" finished-at="2026-08-18T19:58:50 IST" duration-ms="2082" status="PASS">
          <reporter-output>
          </reporter-output>
        </test-method> <!-- launchApplication -->
        <test-method signature="verifyPresenceOfItemBox()[pri:0, instance:allSection.TodaysDeals@6e9175d8]" started-at="2026-08-18T19:58:50 IST" name="verifyPresenceOfItemBox" finished-at="2026-08-18T19:58:54 IST" duration-ms="4345" status="PASS">
          <reporter-output>
          </reporter-output>
        </test-method> <!-- verifyPresenceOfItemBox -->
        <test-method is-config="true" signature="closeBrowser()[pri:0, instance:allSection.TodaysDeals@6e9175d8]" started-at="2026-08-18T19:58:54 IST" name="closeBrowser" finished-at="2026-08-18T19:58:54 IST" duration-ms="490" status="PASS">
          <reporter-output>
          </reporter-output>
        </test-method> <!-- closeBrowser -->
      </class> <!-- allSection.TodaysDeals -->
    </test> <!-- Today's Deal Test -->
  </suite> <!-- Sample -->
</testng-results>
