<?xml version="1.0" encoding="UTF-8"?>
<testng-results ignored="0" total="5" passed="4" failed="1" skipped="0">
  <reporter-output>
  </reporter-output>
  <suite started-at="2026-08-18T19:19:25 IST" name="Sample" finished-at="2026-08-18T19:19:55 IST" duration-ms="30435">
    <groups>
    </groups>
    <test started-at="2026-08-18T19:19:25 IST" name="Allsection Test" finished-at="2026-08-18T19:19:48 IST" duration-ms="23401">
      <class name="allSection.AllSectionHeaderTest">
        <test-method is-config="true" signature="launchApplication()[pri:0, instance:allSection.AllSectionHeaderTest@3a44431a]" started-at="2026-08-18T19:19:25 IST" name="launchApplication" finished-at="2026-08-18T19:19:29 IST" duration-ms="3880" status="PASS">
          <reporter-output>
          </reporter-output>
        </test-method> <!-- launchApplication -->
        <test-method signature="checkDimensionOfAllSection()[pri:0, instance:allSection.AllSectionHeaderTest@3a44431a]" started-at="2026-08-18T19:19:29 IST" name="checkDimensionOfAllSection" finished-at="2026-08-18T19:19:30 IST" duration-ms="997" status="FAIL">
          <exception class="java.lang.AssertionError">
            <message>
              <![CDATA[expected [900] but found [621]]]>
            </message>
            <full-stacktrace>
              <![CDATA[java.lang.AssertionError: expected [900] but found [621]
at org.testng.Assert.fail(Assert.java:111)
at org.testng.Assert.failNotEquals(Assert.java:1590)
at org.testng.Assert.assertEqualsImpl(Assert.java:150)
at org.testng.Assert.assertEquals(Assert.java:132)
at org.testng.Assert.assertEquals(Assert.java:1431)
at org.testng.Assert.assertEquals(Assert.java:1395)
at org.testng.Assert.assertEquals(Assert.java:1441)
at allSection.AllSectionHeaderTest.checkDimensionOfAllSection(AllSectionHeaderTest.java:143)
at java.base/jdk.internal.reflect.DirectMethodHandleAccessor.invoke(DirectMethodHandleAccessor.java:104)
at java.base/java.lang.reflect.Method.invoke(Method.java:565)
at org.testng.internal.invokers.MethodInvocationHelper.invokeMethod(MethodInvocationHelper.java:141)
at org.testng.internal.invokers.TestInvoker.invokeMethod(TestInvoker.java:697)
at org.testng.internal.invokers.TestInvoker.invokeTestMethod(TestInvoker.java:230)
at org.testng.internal.invokers.MethodRunner.runInSequence(MethodRunner.java:63)
at org.testng.internal.invokers.TestInvoker$MethodInvocationAgent.invoke(TestInvoker.java:1005)
at org.testng.internal.invokers.TestInvoker.invokeTestMethods(TestInvoker.java:203)
at org.testng.internal.invokers.TestMethodWorker.invokeTestMethods(TestMethodWorker.java:154)
at org.testng.internal.invokers.TestMethodWorker.run(TestMethodWorker.java:134)
at java.base/java.util.ArrayList.forEach(ArrayList.java:1604)
at org.testng.TestRunner.privateRun(TestRunner.java:744)
at org.testng.TestRunner.run(TestRunner.java:616)
at org.testng.SuiteRunner.runTest(SuiteRunner.java:421)
at org.testng.SuiteRunner.runSequentially(SuiteRunner.java:413)
at org.testng.SuiteRunner.privateRun(SuiteRunner.java:373)
at org.testng.SuiteRunner.run(SuiteRunner.java:312)
at org.testng.SuiteRunnerWorker.runSuite(SuiteRunnerWorker.java:52)
at org.testng.SuiteRunnerWorker.run(SuiteRunnerWorker.java:95)
at org.testng.TestNG.runSuitesSequentially(TestNG.java:1274)
at org.testng.TestNG.runSuitesLocally(TestNG.java:1208)
at org.testng.TestNG.runSuites(TestNG.java:1112)
at org.testng.TestNG.run(TestNG.java:1079)
at org.apache.maven.surefire.testng.TestNGExecutor.run(TestNGExecutor.java:308)
at org.apache.maven.surefire.testng.TestNGXmlTestSuite.execute(TestNGXmlTestSuite.java:71)
at org.apache.maven.surefire.testng.TestNGProvider.invoke(TestNGProvider.java:113)
at org.apache.maven.surefire.booter.ForkedBooter.runSuitesInProcess(ForkedBooter.java:385)
at org.apache.maven.surefire.booter.ForkedBooter.execute(ForkedBooter.java:162)
at org.apache.maven.surefire.booter.ForkedBooter.run(ForkedBooter.java:507)
at org.apache.maven.surefire.booter.ForkedBooter.main(ForkedBooter.java:495)
]]>
            </full-stacktrace>
          </exception> <!-- java.lang.AssertionError -->
          <reporter-output>
          </reporter-output>
        </test-method> <!-- checkDimensionOfAllSection -->
        <test-method is-config="true" signature="closeBrowser()[pri:0, instance:allSection.AllSectionHeaderTest@3a44431a]" started-at="2026-08-18T19:19:30 IST" name="closeBrowser" finished-at="2026-08-18T19:19:30 IST" duration-ms="371" status="PASS">
          <reporter-output>
          </reporter-output>
        </test-method> <!-- closeBrowser -->
        <test-method is-config="true" signature="launchApplication()[pri:0, instance:allSection.AllSectionHeaderTest@3a44431a]" started-at="2026-08-18T19:19:30 IST" name="launchApplication" finished-at="2026-08-18T19:19:34 IST" duration-ms="3304" status="PASS">
          <reporter-output>
          </reporter-output>
        </test-method> <!-- launchApplication -->
        <test-method signature="seeAllSeeLessSwitchTest()[pri:0, instance:allSection.AllSectionHeaderTest@3a44431a]" started-at="2026-08-18T19:19:34 IST" name="seeAllSeeLessSwitchTest" finished-at="2026-08-18T19:19:35 IST" duration-ms="1219" status="PASS">
          <reporter-output>
          </reporter-output>
        </test-method> <!-- seeAllSeeLessSwitchTest -->
        <test-method is-config="true" signature="closeBrowser()[pri:0, instance:allSection.AllSectionHeaderTest@3a44431a]" started-at="2026-08-18T19:19:35 IST" name="closeBrowser" finished-at="2026-08-18T19:19:35 IST" duration-ms="352" status="PASS">
          <reporter-output>
          </reporter-output>
        </test-method> <!-- closeBrowser -->
        <test-method is-config="true" signature="launchApplication()[pri:0, instance:allSection.AllSectionHeaderTest@3a44431a]" started-at="2026-08-18T19:19:35 IST" name="launchApplication" finished-at="2026-08-18T19:19:40 IST" duration-ms="4373" status="PASS">
          <reporter-output>
          </reporter-output>
        </test-method> <!-- launchApplication -->
        <test-method signature="verifyAllSectionHeaders()[pri:0, instance:allSection.AllSectionHeaderTest@3a44431a]" started-at="2026-08-18T19:19:40 IST" name="verifyAllSectionHeaders" finished-at="2026-08-18T19:19:41 IST" duration-ms="1340" status="PASS">
          <reporter-output>
          </reporter-output>
        </test-method> <!-- verifyAllSectionHeaders -->
        <test-method is-config="true" signature="closeBrowser()[pri:0, instance:allSection.AllSectionHeaderTest@3a44431a]" started-at="2026-08-18T19:19:41 IST" name="closeBrowser" finished-at="2026-08-18T19:19:42 IST" duration-ms="533" status="PASS">
          <reporter-output>
          </reporter-output>
        </test-method> <!-- closeBrowser -->
        <test-method is-config="true" signature="launchApplication()[pri:0, instance:allSection.AllSectionHeaderTest@3a44431a]" started-at="2026-08-18T19:19:42 IST" name="launchApplication" finished-at="2026-08-18T19:19:44 IST" duration-ms="2438" status="PASS">
          <reporter-output>
          </reporter-output>
        </test-method> <!-- launchApplication -->
        <test-method signature="verifyNavButtonOfDigital()[pri:0, instance:allSection.AllSectionHeaderTest@3a44431a]" started-at="2026-08-18T19:19:44 IST" name="verifyNavButtonOfDigital" finished-at="2026-08-18T19:19:48 IST" duration-ms="3659" status="PASS">
          <reporter-output>
          </reporter-output>
        </test-method> <!-- verifyNavButtonOfDigital -->
        <test-method is-config="true" signature="closeBrowser()[pri:0, instance:allSection.AllSectionHeaderTest@3a44431a]" started-at="2026-08-18T19:19:48 IST" name="closeBrowser" finished-at="2026-08-18T19:19:48 IST" duration-ms="511" status="PASS">
          <reporter-output>
          </reporter-output>
        </test-method> <!-- closeBrowser -->
      </class> <!-- allSection.AllSectionHeaderTest -->
    </test> <!-- Allsection Test -->
    <test started-at="2026-08-18T19:19:49 IST" name="Today&#039;s Deal Test" finished-at="2026-08-18T19:19:55 IST" duration-ms="6683">
      <class name="allSection.TodaysDeals">
        <test-method is-config="true" signature="launchApplication()[pri:0, instance:allSection.TodaysDeals@71ba6d4e]" started-at="2026-08-18T19:19:49 IST" name="launchApplication" finished-at="2026-08-18T19:19:52 IST" duration-ms="2968" status="PASS">
          <reporter-output>
          </reporter-output>
        </test-method> <!-- launchApplication -->
        <test-method signature="verifyPresenceOfItemBox()[pri:0, instance:allSection.TodaysDeals@71ba6d4e]" started-at="2026-08-18T19:19:52 IST" name="verifyPresenceOfItemBox" finished-at="2026-08-18T19:19:55 IST" duration-ms="3356" status="PASS">
          <reporter-output>
          </reporter-output>
        </test-method> <!-- verifyPresenceOfItemBox -->
        <test-method is-config="true" signature="closeBrowser()[pri:0, instance:allSection.TodaysDeals@71ba6d4e]" started-at="2026-08-18T19:19:55 IST" name="closeBrowser" finished-at="2026-08-18T19:19:55 IST" duration-ms="349" status="PASS">
          <reporter-output>
          </reporter-output>
        </test-method> <!-- closeBrowser -->
      </class> <!-- allSection.TodaysDeals -->
    </test> <!-- Today's Deal Test -->
  </suite> <!-- Sample -->
</testng-results>
