<?xml version="1.0" encoding="UTF-8"?>
<!-- Generated by org.testng.reporters.JUnitXMLReporter -->
<testsuite ignored="0" hostname="MAA15-OPC6NE73W" failures="1" tests="6" name="Allsection Test" time="36.397" errors="0" timestamp="2026-08-18T19:58:47 IST">
  <testcase classname="allSection.AllSectionHeaderTest" name="checkDimensionOfAllSection" time="2.937">
    <skipped/>
  </testcase> <!-- checkDimensionOfAllSection -->
  <testcase classname="allSection.AllSectionHeaderTest" name="checkDimensionOfAllSection" time="2.936">
    <skipped/>
  </testcase> <!-- checkDimensionOfAllSection -->
  <testcase classname="allSection.AllSectionHeaderTest" name="checkDimensionOfAllSection" time="2.946">
    <failure type="java.lang.AssertionError" message="expected [900] but found [609]">
      <![CDATA[java.lang.AssertionError: expected [900] but found [609]
at allSection.AllSectionHeaderTest.checkDimensionOfAllSection(AllSectionHeaderTest.java:143)
at java.base/java.util.ArrayList.forEach(ArrayList.java:1604)
... Removed 36 stack frames]]>
    </failure>
  </testcase> <!-- checkDimensionOfAllSection -->
  <testcase classname="allSection.AllSectionHeaderTest" name="seeAllSeeLessSwitchTest" time="3.669"/>
  <testcase classname="allSection.AllSectionHeaderTest" name="verifyAllSectionHeaders" time="3.592"/>
  <testcase classname="allSection.AllSectionHeaderTest" name="verifyNavButtonOfDigital" time="2.784"/>
</testsuite> <!-- Allsection Test -->
