<?xml version="1.0" encoding="UTF-8"?>
<!-- Generated by org.testng.reporters.JUnitXMLReporter -->
<testsuite ignored="0" hostname="MAA15-OPC6NE73W" failures="1" tests="4" name="Allsection Test" time="23.401" errors="0" timestamp="2026-08-18T19:19:49 IST">
  <testcase classname="allSection.AllSectionHeaderTest" name="checkDimensionOfAllSection" time="0.997">
    <failure type="java.lang.AssertionError" message="expected [900] but found [621]">
      <![CDATA[java.lang.AssertionError: expected [900] but found [621]
at allSection.AllSectionHeaderTest.checkDimensionOfAllSection(AllSectionHeaderTest.java:143)
at java.base/java.util.ArrayList.forEach(ArrayList.java:1604)
... Removed 36 stack frames]]>
    </failure>
  </testcase> <!-- checkDimensionOfAllSection -->
  <testcase classname="allSection.AllSectionHeaderTest" name="seeAllSeeLessSwitchTest" time="1.219"/>
  <testcase classname="allSection.AllSectionHeaderTest" name="verifyAllSectionHeaders" time="1.34"/>
  <testcase classname="allSection.AllSectionHeaderTest" name="verifyNavButtonOfDigital" time="3.659"/>
</testsuite> <!-- Allsection Test -->
