<?xml version="1.0" encoding="UTF-8"?>
<testng-results ignored="0" total="5" passed="4" failed="1" skipped="0">
  <reporter-output>
  </reporter-output>
  <suite started-at="2026-08-18T18:43:04 IST" name="Sample" finished-at="2026-08-18T18:43:32 IST" duration-ms="27456">
    <groups>
    </groups>
    <test started-at="2026-08-18T18:43:04 IST" name="Allsection Test" finished-at="2026-08-18T18:43:25 IST" duration-ms="21041">
      <class name="allSection.AllSectionHeaderTest">
        <test-method is-config="true" signature="launchApplication()[pri:0, instance:allSection.AllSectionHeaderTest@41330d4f]" started-at="2026-08-18T18:43:04 IST" name="launchApplication" finished-at="2026-08-18T18:43:08 IST" duration-ms="3956" status="PASS">
          <reporter-output>
          </reporter-output>
        </test-method> <!-- launchApplication -->
        <test-method signature="checkDimensionOfAllSection()[pri:0, instance:allSection.AllSectionHeaderTest@41330d4f]" started-at="2026-08-18T18:43:08 IST" name="checkDimensionOfAllSection" finished-at="2026-08-18T18:43:09 IST" duration-ms="898" status="FAIL">
          <exception class="java.lang.AssertionError">
            <message>
              <![CDATA[expected [650] but found [621]]]>
            </message>
            <full-stacktrace>
              <![CDATA[java.lang.AssertionError: expected [650] but found [621]
at org.testng.Assert.fail(Assert.java:111)
at org.testng.Assert.failNotEquals(Assert.java:1590)
at org.testng.Assert.assertEqualsImpl(Assert.java:150)
at org.testng.Assert.assertEquals(Assert.java:132)
at org.testng.Assert.assertEquals(Assert.java:1431)
at org.testng.Assert.assertEquals(Assert.java:1395)
at org.testng.Assert.assertEquals(Assert.java:1441)
at allSection.AllSectionHeaderTest.checkDimensionOfAllSection(AllSectionHeaderTest.java:143)
at java.base/jdk.internal.reflect.DirectMethodHandleAccessor.invoke(DirectMethodHandleAccessor.java:103)
at java.base/java.lang.reflect.Method.invoke(Method.java:580)
at org.testng.internal.invokers.MethodInvocationHelper.invokeMethod(MethodInvocationHelper.java:141)
at org.testng.internal.invokers.TestInvoker.invokeMethod(TestInvoker.java:697)
at org.testng.internal.invokers.TestInvoker.invokeTestMethod(TestInvoker.java:230)
at org.testng.internal.invokers.MethodRunner.runInSequence(MethodRunner.java:63)
at org.testng.internal.invokers.TestInvoker$MethodInvocationAgent.invoke(TestInvoker.java:1005)
at org.testng.internal.invokers.TestInvoker.invokeTestMethods(TestInvoker.java:203)
at org.testng.internal.invokers.TestMethodWorker.invokeTestMethods(TestMethodWorker.java:154)
at org.testng.internal.invokers.TestMethodWorker.run(TestMethodWorker.java:134)
at java.base/java.util.ArrayList.forEach(ArrayList.java:1596)
at org.testng.TestRunner.privateRun(TestRunner.java:744)
at org.testng.TestRunner.run(TestRunner.java:616)
at org.testng.SuiteRunner.runTest(SuiteRunner.java:421)
at org.testng.SuiteRunner.runSequentially(SuiteRunner.java:413)
at org.testng.SuiteRunner.privateRun(SuiteRunner.java:373)
at org.testng.SuiteRunner.run(SuiteRunner.java:312)
at org.testng.SuiteRunnerWorker.runSuite(SuiteRunnerWorker.java:52)
at org.testng.SuiteRunnerWorker.run(SuiteRunnerWorker.java:95)
at org.testng.TestNG.runSuitesSequentially(TestNG.java:1274)
at org.testng.TestNG.runSuitesLocally(TestNG.java:1208)
at org.testng.TestNG.runSuites(TestNG.java:1112)
at org.testng.TestNG.run(TestNG.java:1079)
at org.testng.remote.AbstractRemoteTestNG.run(AbstractRemoteTestNG.java:115)
at org.testng.remote.RemoteTestNG.initAndRun(RemoteTestNG.java:293)
at org.testng.remote.RemoteTestNG.main(RemoteTestNG.java:91)
]]>
            </full-stacktrace>
          </exception> <!-- java.lang.AssertionError -->
          <reporter-output>
          </reporter-output>
        </test-method> <!-- checkDimensionOfAllSection -->
        <test-method is-config="true" signature="closeBrowser()[pri:0, instance:allSection.AllSectionHeaderTest@41330d4f]" started-at="2026-08-18T18:43:10 IST" name="closeBrowser" finished-at="2026-08-18T18:43:10 IST" duration-ms="288" status="PASS">
          <reporter-output>
          </reporter-output>
        </test-method> <!-- closeBrowser -->
        <test-method is-config="true" signature="launchApplication()[pri:0, instance:allSection.AllSectionHeaderTest@41330d4f]" started-at="2026-08-18T18:43:10 IST" name="launchApplication" finished-at="2026-08-18T18:43:13 IST" duration-ms="3132" status="PASS">
          <reporter-output>
          </reporter-output>
        </test-method> <!-- launchApplication -->
        <test-method signature="seeAllSeeLessSwitchTest()[pri:0, instance:allSection.AllSectionHeaderTest@41330d4f]" started-at="2026-08-18T18:43:13 IST" name="seeAllSeeLessSwitchTest" finished-at="2026-08-18T18:43:14 IST" duration-ms="1063" status="PASS">
          <reporter-output>
          </reporter-output>
        </test-method> <!-- seeAllSeeLessSwitchTest -->
        <test-method is-config="true" signature="closeBrowser()[pri:0, instance:allSection.AllSectionHeaderTest@41330d4f]" started-at="2026-08-18T18:43:14 IST" name="closeBrowser" finished-at="2026-08-18T18:43:14 IST" duration-ms="271" status="PASS">
          <reporter-output>
          </reporter-output>
        </test-method> <!-- closeBrowser -->
        <test-method is-config="true" signature="launchApplication()[pri:0, instance:allSection.AllSectionHeaderTest@41330d4f]" started-at="2026-08-18T18:43:14 IST" name="launchApplication" finished-at="2026-08-18T18:43:18 IST" duration-ms="3866" status="PASS">
          <reporter-output>
          </reporter-output>
        </test-method> <!-- launchApplication -->
        <test-method signature="verifyAllSectionHeaders()[pri:0, instance:allSection.AllSectionHeaderTest@41330d4f]" started-at="2026-08-18T18:43:18 IST" name="verifyAllSectionHeaders" finished-at="2026-08-18T18:43:19 IST" duration-ms="1017" status="PASS">
          <reporter-output>
          </reporter-output>
        </test-method> <!-- verifyAllSectionHeaders -->
        <test-method is-config="true" signature="closeBrowser()[pri:0, instance:allSection.AllSectionHeaderTest@41330d4f]" started-at="2026-08-18T18:43:19 IST" name="closeBrowser" finished-at="2026-08-18T18:43:20 IST" duration-ms="411" status="PASS">
          <reporter-output>
          </reporter-output>
        </test-method> <!-- closeBrowser -->
        <test-method is-config="true" signature="launchApplication()[pri:0, instance:allSection.AllSectionHeaderTest@41330d4f]" started-at="2026-08-18T18:43:20 IST" name="launchApplication" finished-at="2026-08-18T18:43:22 IST" duration-ms="2376" status="PASS">
          <reporter-output>
          </reporter-output>
        </test-method> <!-- launchApplication -->
        <test-method signature="verifyNavButtonOfDigital()[pri:0, instance:allSection.AllSectionHeaderTest@41330d4f]" started-at="2026-08-18T18:43:22 IST" name="verifyNavButtonOfDigital" finished-at="2026-08-18T18:43:25 IST" duration-ms="3007" status="PASS">
          <reporter-output>
          </reporter-output>
        </test-method> <!-- verifyNavButtonOfDigital -->
        <test-method is-config="true" signature="closeBrowser()[pri:0, instance:allSection.AllSectionHeaderTest@41330d4f]" started-at="2026-08-18T18:43:25 IST" name="closeBrowser" finished-at="2026-08-18T18:43:25 IST" duration-ms="353" status="PASS">
          <reporter-output>
          </reporter-output>
        </test-method> <!-- closeBrowser -->
      </class> <!-- allSection.AllSectionHeaderTest -->
    </test> <!-- Allsection Test -->
    <test started-at="2026-08-18T18:43:26 IST" name="Today&#039;s Deal Test" finished-at="2026-08-18T18:43:32 IST" duration-ms="6140">
      <class name="allSection.TodaysDeals">
        <test-method is-config="true" signature="launchApplication()[pri:0, instance:allSection.TodaysDeals@70e38ce1]" started-at="2026-08-18T18:43:26 IST" name="launchApplication" finished-at="2026-08-18T18:43:28 IST" duration-ms="2084" status="PASS">
          <reporter-output>
          </reporter-output>
        </test-method> <!-- launchApplication -->
        <test-method signature="verifyPresenceOfItemBox()[pri:0, instance:allSection.TodaysDeals@70e38ce1]" started-at="2026-08-18T18:43:28 IST" name="verifyPresenceOfItemBox" finished-at="2026-08-18T18:43:31 IST" duration-ms="3659" status="PASS">
          <reporter-output>
          </reporter-output>
        </test-method> <!-- verifyPresenceOfItemBox -->
        <test-method is-config="true" signature="closeBrowser()[pri:0, instance:allSection.TodaysDeals@70e38ce1]" started-at="2026-08-18T18:43:31 IST" name="closeBrowser" finished-at="2026-08-18T18:43:32 IST" duration-ms="387" status="PASS">
          <reporter-output>
          </reporter-output>
        </test-method> <!-- closeBrowser -->
      </class> <!-- allSection.TodaysDeals -->
    </test> <!-- Today's Deal Test -->
  </suite> <!-- Sample -->
</testng-results>
